2018-05-09 09:31:14,088 INFO o.a.j.u.JMeterUtils: Setting Locale to en_CA
2018-05-09 09:31:14,167 INFO o.a.j.JMeter: Loading user properties from: user.properties
2018-05-09 09:31:14,168 INFO o.a.j.JMeter: Loading system properties from: system.properties
2018-05-09 09:31:14,241 INFO o.a.j.JMeter: Copyright (c) 1998-2018 The Apache Software Foundation
2018-05-09 09:31:14,241 INFO o.a.j.JMeter: Version 4.0 r1823414
2018-05-09 09:31:14,241 INFO o.a.j.JMeter: java.version=1.8.0_161
2018-05-09 09:31:14,241 INFO o.a.j.JMeter: java.vm.name=Java HotSpot(TM) 64-Bit Server VM
2018-05-09 09:31:14,241 INFO o.a.j.JMeter: os.name=Mac OS X
2018-05-09 09:31:14,241 INFO o.a.j.JMeter: os.arch=x86_64
2018-05-09 09:31:14,241 INFO o.a.j.JMeter: os.version=10.13.4
2018-05-09 09:31:14,241 INFO o.a.j.JMeter: file.encoding=UTF-8
2018-05-09 09:31:14,241 INFO o.a.j.JMeter: Max memory     =3817865216
2018-05-09 09:31:14,241 INFO o.a.j.JMeter: Available Processors =8
2018-05-09 09:31:14,308 INFO o.a.j.JMeter: Default Locale=English (Canada)
2018-05-09 09:31:14,308 INFO o.a.j.JMeter: JMeter  Locale=English (Canada)
2018-05-09 09:31:14,308 INFO o.a.j.JMeter: JMeterHome=/Users/macstudent/Downloads/apache-jmeter-4.0
2018-05-09 09:31:14,309 INFO o.a.j.JMeter: user.dir  =/Users/macstudent/Downloads/apache-jmeter-4.0/bin
2018-05-09 09:31:14,309 INFO o.a.j.JMeter: PWD       =/Users/macstudent/Downloads/apache-jmeter-4.0/bin
2018-05-09 09:31:14,313 INFO o.a.j.JMeter: IP: 10.10.150.116 Name: 20X-iMacXX-M-214.local FullName: 10.10.150.116
2018-05-09 09:31:17,358 INFO o.a.j.g.a.LookAndFeelCommand: Installing Darcula LAF
2018-05-09 09:31:17,520 INFO o.a.j.g.a.LookAndFeelCommand: Using look and feel: com.bulenkov.darcula.DarculaLaf [Darcula]
2018-05-09 09:31:17,521 INFO o.a.j.JMeter: Setting LAF to: com.bulenkov.darcula.DarculaLaf
2018-05-09 09:31:17,760 INFO o.a.j.JMeter: Loaded icon properties from org/apache/jmeter/images/icon.properties
2018-05-09 09:31:18,446 INFO o.a.j.e.u.CompoundVariable: Note: Function class names must contain the string: '.functions.'
2018-05-09 09:31:18,446 INFO o.a.j.e.u.CompoundVariable: Note: Function class names must not contain the string: '.gui.'
2018-05-09 09:31:20,345 INFO o.a.j.p.h.s.HTTPSamplerBase: Parser for text/html is org.apache.jmeter.protocol.http.parser.LagartoBasedHtmlParser
2018-05-09 09:31:20,346 INFO o.a.j.p.h.s.HTTPSamplerBase: Parser for application/xhtml+xml is org.apache.jmeter.protocol.http.parser.LagartoBasedHtmlParser
2018-05-09 09:31:20,346 INFO o.a.j.p.h.s.HTTPSamplerBase: Parser for application/xml is org.apache.jmeter.protocol.http.parser.LagartoBasedHtmlParser
2018-05-09 09:31:20,346 INFO o.a.j.p.h.s.HTTPSamplerBase: Parser for text/xml is org.apache.jmeter.protocol.http.parser.LagartoBasedHtmlParser
2018-05-09 09:31:20,346 INFO o.a.j.p.h.s.HTTPSamplerBase: Parser for text/vnd.wap.wml is org.apache.jmeter.protocol.http.parser.RegexpHTMLParser
2018-05-09 09:31:20,346 INFO o.a.j.p.h.s.HTTPSamplerBase: Parser for text/css is org.apache.jmeter.protocol.http.parser.CssParser
2018-05-09 09:31:22,002 INFO o.a.j.e.KeyToolUtils: keytool found at 'keytool'
2018-05-09 09:31:22,003 INFO o.a.j.p.h.p.ProxyControl: HTTP(S) Test Script Recorder SSL Proxy will use keys that support embedded 3rd party resources in file /Users/macstudent/Downloads/apache-jmeter-4.0/bin/proxyserver.jks
2018-05-09 09:31:22,145 INFO o.a.j.s.FileServer: Default base='/Users/macstudent/Downloads/apache-jmeter-4.0/bin'
2018-05-09 09:31:22,973 INFO o.a.j.s.SampleResult: Note: Sample TimeStamps are START times
2018-05-09 09:31:22,973 INFO o.a.j.s.SampleResult: sampleresult.default.encoding is set to ISO-8859-1
2018-05-09 09:31:22,973 INFO o.a.j.s.SampleResult: sampleresult.useNanoTime=true
2018-05-09 09:31:22,973 INFO o.a.j.s.SampleResult: sampleresult.nanoThreadSleep=5000
